<?xml version="1.0" encoding="UTF-8"?>
<testng-results ignored="0" total="1" passed="1" failed="0" skipped="0">
  <reporter-output>
  </reporter-output>
  <suite started-at="2024-02-02T13:02:21 IST" name="Default suite" finished-at="2024-02-02T13:02:48 IST" duration-ms="26328">
    <groups>
    </groups>
    <test started-at="2024-02-02T13:02:21 IST" name="Default test" finished-at="2024-02-02T13:02:48 IST" duration-ms="26328">
      <class name="Tests.LoginTest">
        <test-method is-config="true" signature="setup()[pri:0, instance:Tests.LoginTest@55b7a4e0]" started-at="2024-02-02T13:02:21 IST" name="setup" finished-at="2024-02-02T13:02:43 IST" duration-ms="21414" status="PASS">
          <reporter-output>
          </reporter-output>
        </test-method> <!-- setup -->
        <test-method signature="validateLogin()[pri:0, instance:Tests.LoginTest@55b7a4e0]" started-at="2024-02-02T13:02:43 IST" name="validateLogin" finished-at="2024-02-02T13:02:48 IST" duration-ms="4685" status="PASS">
          <reporter-output>
          </reporter-output>
        </test-method> <!-- validateLogin -->
        <test-method is-config="true" signature="tearDown()[pri:0, instance:Tests.LoginTest@55b7a4e0]" started-at="2024-02-02T13:02:48 IST" name="tearDown" finished-at="2024-02-02T13:02:48 IST" duration-ms="2" status="PASS">
          <reporter-output>
          </reporter-output>
        </test-method> <!-- tearDown -->
      </class> <!-- Tests.LoginTest -->
    </test> <!-- Default test -->
  </suite> <!-- Default suite -->
</testng-results>
